<?xml version="1.0" encoding="UTF-8"?>
<testng-results ignored="0" total="1" passed="1" failed="0" skipped="0">
  <reporter-output>
  </reporter-output>
  <suite started-at="2021-12-13T14:29:53 IST" name="Default suite" finished-at="2021-12-13T14:29:56 IST" duration-ms="3086">
    <groups>
    </groups>
    <test started-at="2021-12-13T14:29:53 IST" name="Default test" finished-at="2021-12-13T14:29:56 IST" duration-ms="3086">
      <class name="operations.PostTest">
        <test-method signature="test2()[pri:0, instance:operations.PostTest@318ba8c8]" started-at="2021-12-13T14:29:53 IST" name="test2" finished-at="2021-12-13T14:29:56 IST" duration-ms="3036" status="PASS">
          <reporter-output>
          </reporter-output>
        </test-method> <!-- test2 -->
      </class> <!-- operations.PostTest -->
    </test> <!-- Default test -->
  </suite> <!-- Default suite -->
</testng-results>
