<?xml version="1.0" encoding="UTF-8"?>
<!-- Generated by org.testng.reporters.JUnitXMLReporter -->
<testsuite ignored="2" hostname="DESKTOP-RRR4LHT" failures="0" tests="1" name="Default test" time="3.928" errors="0" timestamp="2021-12-09T08:47:30 IST">
  <testcase classname="idempotentOperations.GetPutDeleteTest" name="Delete" time="3.823"/>
  <testcase classname="idempotentOperations.GetPutDeleteTest" name="Put" time="0.0">
    <ignored/>
  </testcase> <!-- Put -->
  <testcase classname="idempotentOperations.GetPutDeleteTest" name="Get" time="0.0">
    <ignored/>
  </testcase> <!-- Get -->
</testsuite> <!-- Default test -->
